<?xml version="1.0" encoding="UTF-8"?>
<!-- Generated by org.testng.reporters.JUnitReportReporter -->
<testsuite hostname="Rasheed-PC" name="AprilEclipseGitMavenJenkins.GitMavenJenkins.AprilGitSampleCode" tests="1" failures="0" timestamp="29 Apr 2019 11:33:55 GMT" time="0.015" errors="0">
  <testcase name="sample" time="0.015" classname="AprilEclipseGitMavenJenkins.GitMavenJenkins.AprilGitSampleCode"/>
</testsuite> <!-- AprilEclipseGitMavenJenkins.GitMavenJenkins.AprilGitSampleCode -->
