<?xml version="1.0" encoding="UTF-8"?>
<!-- Generated by org.testng.reporters.JUnitReportReporter -->
<testsuite hostname="Rasheed-PC" name="regressionGroup.regressionTestCase1Test" tests="1" failures="0" timestamp="2 May 2019 09:22:21 GMT" time="0.005" errors="0">
  <testcase name="regressionTestCaseMethod1" time="0.005" classname="regressionGroup.regressionTestCase1Test"/>
</testsuite> <!-- regressionGroup.regressionTestCase1Test -->
