<?xml version="1.0" encoding="UTF-8"?>
<!-- Generated by org.testng.reporters.JUnitReportReporter -->
<testsuite hostname="Rasheed-PC" name="regressionGroup.regressionTestCase1Test" tests="1" failures="0" timestamp="3 May 2019 08:46:27 GMT" time="0.004" errors="0">
  <testcase name="regressionTestCaseMethod1" time="0.004" classname="regressionGroup.regressionTestCase1Test"/>
</testsuite> <!-- regressionGroup.regressionTestCase1Test -->
