<?xml version="1.0" encoding="UTF-8"?>
<!-- Generated by org.testng.reporters.JUnitReportReporter -->
<testsuite hostname="Rasheed-PC" name="AprilEclipseGitMavenJenkins.GitMavenJenkins.AprilGitSampleCode" tests="1" failures="0" timestamp="30 Apr 2019 09:34:53 GMT" time="0.031" errors="0">
  <testcase name="sample" time="0.031" classname="AprilEclipseGitMavenJenkins.GitMavenJenkins.AprilGitSampleCode"/>
</testsuite> <!-- AprilEclipseGitMavenJenkins.GitMavenJenkins.AprilGitSampleCode -->
