<?xml version="1.0" encoding="UTF-8"?>
<!-- Generated by org.testng.reporters.JUnitReportReporter -->
<testsuite hostname="Rasheed-PC" name="regressionGroup.regressionTestCase1Test" tests="1" failures="0" timestamp="4 May 2019 07:06:16 GMT" time="0.001" errors="0">
  <testcase name="regressionTestCaseMethod1" time="0.001" classname="regressionGroup.regressionTestCase1Test"/>
</testsuite> <!-- regressionGroup.regressionTestCase1Test -->
