<?xml version="1.0" encoding="UTF-8"?>
<!-- Generated by org.testng.reporters.JUnitReportReporter -->
<testsuite hostname="Rasheed-PC" name="regressionGroup.regressionTestCase1Test" tests="1" failures="0" timestamp="30 Apr 2019 09:44:06 GMT" time="0.002" errors="0">
  <testcase name="regressionTestCaseMethod1" time="0.002" classname="regressionGroup.regressionTestCase1Test"/>
</testsuite> <!-- regressionGroup.regressionTestCase1Test -->
