<?xml version="1.0" encoding="UTF-8"?>
<!-- Generated by org.testng.reporters.JUnitReportReporter -->
<testsuite hostname="Rasheed-PC" name="CollectionsSample.MapsTest" tests="1" failures="0" timestamp="1 May 2019 09:42:56 GMT" time="0.016" errors="0">
  <testcase name="TreeMapSample" time="0.016" classname="CollectionsSample.MapsTest"/>
</testsuite> <!-- CollectionsSample.MapsTest -->
