<?xml version="1.0" encoding="UTF-8"?>
<!-- Generated by org.testng.reporters.JUnitReportReporter -->
<testsuite hostname="Rasheed-PC" name="regressionGroup.regerssionTestCase2Test" tests="1" failures="0" timestamp="3 May 2019 08:46:27 GMT" time="0.029" errors="0">
  <testcase name="regressionTestCase2Method" time="0.029" classname="regressionGroup.regerssionTestCase2Test"/>
</testsuite> <!-- regressionGroup.regerssionTestCase2Test -->
